[2020-09-11 17:48:00.225] [ERROR] [restartedMain] [org.springframework.boot.SpringApplication.reportFailure(SpringApplication.java:823)] - Application run failed
java.lang.NoClassDefFoundError: org/springframework/core/log/LogMessage
	at org.springframework.boot.devtools.env.DevToolsPropertyDefaultsPostProcessor.postProcessEnvironment(DevToolsPropertyDefaultsPostProcessor.java:84) ~[spring-boot-devtools-2.2.2.RELEASE.jar:2.2.2.RELEASE]
	at org.springframework.boot.context.config.ConfigFileApplicationListener.onApplicationEnvironmentPreparedEvent(ConfigFileApplicationListener.java:178) ~[spring-boot-2.1.16.RELEASE.jar:2.1.16.RELEASE]
	at org.springframework.boot.context.config.ConfigFileApplicationListener.onApplicationEvent(ConfigFileApplicationListener.java:166) ~[spring-boot-2.1.16.RELEASE.jar:2.1.16.RELEASE]
	at org.springframework.context.event.SimpleApplicationEventMulticaster.doInvokeListener(SimpleApplicationEventMulticaster.java:172) ~[spring-context-5.1.17.RELEASE.jar:5.1.17.RELEASE]
	at org.springframework.context.event.SimpleApplicationEventMulticaster.invokeListener(SimpleApplicationEventMulticaster.java:165) ~[spring-context-5.1.17.RELEASE.jar:5.1.17.RELEASE]
	at org.springframework.context.event.SimpleApplicationEventMulticaster.multicastEvent(SimpleApplicationEventMulticaster.java:139) ~[spring-context-5.1.17.RELEASE.jar:5.1.17.RELEASE]
	at org.springframework.context.event.SimpleApplicationEventMulticaster.multicastEvent(SimpleApplicationEventMulticaster.java:127) ~[spring-context-5.1.17.RELEASE.jar:5.1.17.RELEASE]
	at org.springframework.boot.context.event.EventPublishingRunListener.environmentPrepared(EventPublishingRunListener.java:76) ~[spring-boot-2.1.16.RELEASE.jar:2.1.16.RELEASE]
	at org.springframework.boot.SpringApplicationRunListeners.environmentPrepared(SpringApplicationRunListeners.java:53) ~[spring-boot-2.1.16.RELEASE.jar:2.1.16.RELEASE]
	at org.springframework.boot.SpringApplication.prepareEnvironment(SpringApplication.java:342) [spring-boot-2.1.16.RELEASE.jar:2.1.16.RELEASE]
	at org.springframework.boot.SpringApplication.run(SpringApplication.java:305) [spring-boot-2.1.16.RELEASE.jar:2.1.16.RELEASE]
	at org.springframework.boot.SpringApplication.run(SpringApplication.java:1215) [spring-boot-2.1.16.RELEASE.jar:2.1.16.RELEASE]
	at org.springframework.boot.SpringApplication.run(SpringApplication.java:1204) [spring-boot-2.1.16.RELEASE.jar:2.1.16.RELEASE]
	at com.tpy.product_warehouse.ProductWarehouseApplication.main(ProductWarehouseApplication.java:10) [classes/:?]
	at sun.reflect.NativeMethodAccessorImpl.invoke0(Native Method) ~[?:1.8.0_261]
	at sun.reflect.NativeMethodAccessorImpl.invoke(NativeMethodAccessorImpl.java:62) ~[?:1.8.0_261]
	at sun.reflect.DelegatingMethodAccessorImpl.invoke(DelegatingMethodAccessorImpl.java:43) ~[?:1.8.0_261]
	at java.lang.reflect.Method.invoke(Method.java:498) ~[?:1.8.0_261]
	at org.springframework.boot.devtools.restart.RestartLauncher.run(RestartLauncher.java:49) [spring-boot-devtools-2.2.2.RELEASE.jar:2.2.2.RELEASE]
Caused by: java.lang.ClassNotFoundException: org.springframework.core.log.LogMessage
	at java.net.URLClassLoader.findClass(URLClassLoader.java:382) ~[?:1.8.0_261]
	at java.lang.ClassLoader.loadClass(ClassLoader.java:418) ~[?:1.8.0_261]
	at sun.misc.Launcher$AppClassLoader.loadClass(Launcher.java:355) ~[?:1.8.0_261]
	at java.lang.ClassLoader.loadClass(ClassLoader.java:351) ~[?:1.8.0_261]
	... 19 more
